-------------------------------------------------------------------------------
Test set: com.dima.BankAPPI.BankAppiApplicationTests
-------------------------------------------------------------------------------
Tests run: 1, Failures: 0, Errors: 1, Skipped: 0, Time elapsed: 4.115 s <<< FAILURE! - in com.dima.BankAPPI.BankAppiApplicationTests
contextLoads  Time elapsed: 0.001 s  <<< ERROR!
java.lang.IllegalStateException: Failed to load ApplicationContext for [WebMergedContextConfiguration@2e19b30 testClass = com.dima.BankAPPI.BankAppiApplicationTests, locations = [], classes = [com.dima.BankAPPI.BankAppiApplication], contextInitializerClasses = [], activeProfiles = [], propertySourceDescriptors = [], propertySourceProperties = ["org.springframework.boot.test.context.SpringBootTestContextBootstrapper=true"], contextCustomizers = [org.springframework.boot.test.context.filter.ExcludeFilterContextCustomizer@20140db9, org.springframework.boot.test.json.DuplicateJsonObjectContextCustomizerFactory$DuplicateJsonObjectContextCustomizer@55a147cc, org.springframework.boot.test.mock.mockito.MockitoContextCustomizer@0, org.springframework.boot.test.web.client.TestRestTemplateContextCustomizer@6e6f2380, org.springframework.boot.test.web.reactor.netty.DisableReactorResourceFactoryGlobalResourcesContextCustomizerFactory$DisableReactorResourceFactoryGlobalResourcesContextCustomizerCustomizer@27406a17, org.springframework.boot.test.autoconfigure.OnFailureConditionReportContextCustomizerFactory$OnFailureConditionReportContextCustomizer@5d0bf09b, org.springframework.boot.test.autoconfigure.actuate.observability.ObservabilityContextCustomizerFactory$DisableObservabilityContextCustomizer@1f, org.springframework.boot.test.autoconfigure.properties.PropertyMappingContextCustomizer@0, org.springframework.boot.test.autoconfigure.web.servlet.WebDriverContextCustomizer@8519cb4, org.springframework.boot.test.context.SpringBootTestAnnotation@a6e68fba], resourceBasePath = "src/main/webapp", contextLoader = org.springframework.boot.test.context.SpringBootContextLoader, parent = null]
Caused by: org.springframework.beans.factory.UnsatisfiedDependencyException: Error creating bean with name 'klientController' defined in file [C:\Users\Dima\Downloads\BankAPPI\target\classes\com\dima\BankAPPI\controller\KlientController.class]: Unsatisfied dependency expressed through constructor parameter 0: Error creating bean with name 'klientService' defined in file [C:\Users\Dima\Downloads\BankAPPI\target\classes\com\dima\BankAPPI\service\KlientService.class]: Unsatisfied dependency expressed through constructor parameter 0: Error creating bean with name 'klientRepository' defined in com.dima.BankAPPI.repository.KlientRepository defined in @EnableJpaRepositories declared on JpaConfig: Not a managed type: class com.dima.BankAPPI.entity.Klient
Caused by: org.springframework.beans.factory.UnsatisfiedDependencyException: Error creating bean with name 'klientService' defined in file [C:\Users\Dima\Downloads\BankAPPI\target\classes\com\dima\BankAPPI\service\KlientService.class]: Unsatisfied dependency expressed through constructor parameter 0: Error creating bean with name 'klientRepository' defined in com.dima.BankAPPI.repository.KlientRepository defined in @EnableJpaRepositories declared on JpaConfig: Not a managed type: class com.dima.BankAPPI.entity.Klient
Caused by: org.springframework.beans.factory.BeanCreationException: Error creating bean with name 'klientRepository' defined in com.dima.BankAPPI.repository.KlientRepository defined in @EnableJpaRepositories declared on JpaConfig: Not a managed type: class com.dima.BankAPPI.entity.Klient
Caused by: java.lang.IllegalArgumentException: Not a managed type: class com.dima.BankAPPI.entity.Klient

